2013-09-18 15:41:20 r11775 Python 2.7.3 login.py
2013-09-18 15:43:06 r11775 Python 2.7.3 login.py
2013-09-18 15:44:06 r11775 Python 2.7.3 add_text.py "-cat:catname" "-text:This is a Test." "-except:\{\{([Tt]emplate:|)[Dd]ocumentation [Ss]ubpage" "-up"
2013-09-18 15:44:58 r11775 Python 2.7.3 add_text.py "-cat:Living" "-text:This is a Test." "-except:\{\{([Tt]emplate:|)[Dd]ocumentation [Ss]ubpage" "-up"
2013-09-18 15:46:45 r11775 Python 2.7.3 login.py
2013-09-18 15:55:32 r11775 Python 2.7.3 login.py
2013-09-18 15:57:05 r11775 Python 2.7.3 add_text.py "-cat:Anatomy*" "-text:This is a Test." "-except:\{\{([Tt]emplate:|)[Dd]ocumentation [Ss]ubpage" "-up"
2013-09-18 15:57:12 r11775 Python 2.7.3 add_text.py "-cat:Anatomy" "-text:This is a Test." "-except:\{\{([Tt]emplate:|)[Dd]ocumentation [Ss]ubpage" "-up"
2013-09-18 15:59:17 r11775 Python 2.7.3 -c
2013-09-18 16:36:40 r11747 Python 2.7.3 ipython
2013-09-18 16:45:42 r11747 Python 2.7.3 ipython
2013-09-18 17:10:12 r11747 Python 2.7.3 script_test.py
2013-09-18 17:10:57 r11747 Python 2.7.3 script_test.py
2013-09-18 17:11:33 r11747 Python 2.7.3 script_test.py
2013-09-18 17:12:18 r11747 Python 2.7.3 script_test.py
2013-09-18 17:13:30 r11747 Python 2.7.3 script_test.py
2013-09-18 17:16:15 r11747 Python 2.7.3 script_test.py
2013-09-18 17:18:50 r11747 Python 2.7.3 script_test.py
2013-09-18 17:20:07 r11747 Python 2.7.3 script_test.py
2013-09-18 17:21:39 r11747 Python 2.7.3 script_test.py
2013-09-18 17:22:01 r11747 Python 2.7.3 script_test.py
2013-09-18 17:23:11 r11747 Python 2.7.3 script_test.py
2013-09-18 17:24:33 r11747 Python 2.7.3 script_test.py
2013-09-18 17:27:48 r11747 Python 2.7.3 script_test.py
2013-09-18 17:41:26 r11747 Python 2.7.3 script_test.py
2013-09-18 18:08:13 r11747 Python 2.7.3 skos_importer.py
2013-09-18 18:08:58 r11747 Python 2.7.3 skos_importer.py
2013-09-18 18:10:33 r11747 Python 2.7.3 skos_importer.py
2013-09-18 18:10:55 r11747 Python 2.7.3 skos_importer.py
2013-09-18 18:11:26 r11747 Python 2.7.3 skos_importer.py
2013-09-18 18:21:11 r11747 Python 2.7.3 skos_importer.py
2013-09-18 18:22:28 r11747 Python 2.7.3 skos_importer.py
2013-09-18 18:22:53 r11747 Python 2.7.3 skos_importer.py
2013-09-18 18:31:55 r11747 Python 2.7.3 skos_importer.py
2013-09-18 18:32:26 r11747 Python 2.7.3 skos_importer.py
2013-09-18 18:33:14 r11747 Python 2.7.3 skos_importer.py
2013-09-18 18:33:22 r11747 Python 2.7.3 skos_importer.py
2013-09-18 18:33:47 r11747 Python 2.7.3 skos_importer.py
2013-09-18 18:35:30 r11747 Python 2.7.3 skos_importer.py
2013-09-18 18:44:37 r11747 Python 2.7.3 skos_importer.py
2013-09-18 18:46:37 r11747 Python 2.7.3 skos_importer.py
2013-09-18 18:47:07 r11747 Python 2.7.3 skos_importer.py
2013-09-18 18:47:23 r11747 Python 2.7.3 skos_importer.py
2013-09-18 19:00:36 r11747 Python 2.7.3 skos_importer.py
2013-09-18 19:00:50 r11747 Python 2.7.3 skos_importer.py
2013-09-18 19:01:14 r11747 Python 2.7.3 skos_importer.py
2013-09-18 19:01:49 r11747 Python 2.7.3 skos_importer.py
2013-09-18 19:02:13 r11747 Python 2.7.3 skos_importer.py
2013-09-18 19:02:36 r11747 Python 2.7.3 skos_importer.py
2013-09-18 19:03:32 r11747 Python 2.7.3 skos_importer.py
2013-09-18 19:04:18 r11747 Python 2.7.3 skos_importer.py
2013-09-18 19:04:43 r11747 Python 2.7.3 skos_importer.py
2013-09-18 19:05:16 r11747 Python 2.7.3 skos_importer.py
2013-09-18 19:05:41 r11747 Python 2.7.3 skos_importer.py
2013-09-18 19:07:00 r11747 Python 2.7.3 skos_importer.py
2013-09-18 19:08:08 r11747 Python 2.7.3 skos_importer.py
2013-09-18 19:10:55 r11747 Python 2.7.3 skos_importer.py
2013-09-18 19:11:32 r11747 Python 2.7.3 skos_importer.py
2013-09-19 09:08:29 r11747 Python 2.7.3 skos_importer.py
2013-09-19 09:12:06 r11747 Python 2.7.3 skos_importer.py
2013-09-19 11:33:05 r11747 Python 2.7.3 skos_importer.py
2013-09-19 11:33:31 r11747 Python 2.7.3 skos_importer.py
2013-09-19 11:33:43 r11747 Python 2.7.3 skos_importer.py
2013-09-19 11:33:56 r11747 Python 2.7.3 skos_importer.py
2013-09-19 11:34:33 r11747 Python 2.7.3 skos_importer.py
2013-09-19 11:34:57 r11747 Python 2.7.3 skos_importer.py
2013-09-19 11:35:36 r11747 Python 2.7.3 skos_importer.py
2013-09-19 11:35:58 r11747 Python 2.7.3 skos_importer.py
2013-09-19 11:36:14 r11747 Python 2.7.3 skos_importer.py
2013-09-19 11:36:24 r11747 Python 2.7.3 skos_importer.py
2013-09-19 11:37:16 r11747 Python 2.7.3 skos_importer.py
2013-09-19 11:37:55 r11747 Python 2.7.3 skos_importer.py
2013-09-19 11:38:33 r11747 Python 2.7.3 skos_importer.py
2013-09-19 11:39:49 r11747 Python 2.7.3 skos_importer.py
2013-09-19 11:54:51 r11747 Python 2.7.3 skos_importer.py
2013-09-19 11:58:49 r11747 Python 2.7.3 skos_importer.py
2013-09-19 12:03:27 r11747 Python 2.7.3 skos_importer.py
2013-09-19 12:03:45 r11747 Python 2.7.3 skos_importer.py
2013-09-19 12:17:00 r11747 Python 2.7.3 skos_importer.py
2013-09-19 12:17:09 r11747 Python 2.7.3 skos_importer.py
2013-09-19 12:19:46 r11747 Python 2.7.3 skos_importer.py
2013-09-19 12:20:02 r11747 Python 2.7.3 skos_importer.py
2013-09-19 12:20:28 r11747 Python 2.7.3 skos_importer.py
2013-09-19 12:21:09 r11747 Python 2.7.3 skos_importer.py
2013-09-19 12:21:17 r11747 Python 2.7.3 skos_importer.py
2013-09-19 12:21:56 r11747 Python 2.7.3 skos_importer.py
2013-09-19 12:22:48 r11747 Python 2.7.3 skos_importer.py
2013-09-19 12:23:16 r11747 Python 2.7.3 skos_importer.py
2013-09-19 12:23:52 r11747 Python 2.7.3 skos_importer.py
2013-09-19 12:25:26 r11747 Python 2.7.3 skos_importer.py
2013-09-19 12:35:02 r11747 Python 2.7.3 skos_importer.py
2013-09-19 12:35:36 r11747 Python 2.7.3 skos_importer.py
2013-09-19 12:36:29 r11747 Python 2.7.3 skos_importer.py
2013-09-19 12:37:48 r11747 Python 2.7.3 skos_importer.py
2013-09-19 12:38:31 r11747 Python 2.7.3 skos_importer.py
2013-09-19 12:40:23 r11747 Python 2.7.3 skos_importer.py
2013-09-19 12:42:53 r11747 Python 2.7.3 skos_importer.py
2013-09-19 12:43:39 r11747 Python 2.7.3 skos_importer.py
2013-09-19 12:44:09 r11747 Python 2.7.3 skos_importer.py
2013-09-19 15:16:21 r11747 Python 2.7.3 skos_importer.py
2013-09-19 15:16:52 r11747 Python 2.7.3 skos_importer.py
2013-09-19 15:17:14 r11747 Python 2.7.3 skos_importer.py
2013-09-19 15:17:45 r11747 Python 2.7.3 skos_importer.py
2013-09-19 15:18:08 r11747 Python 2.7.3 skos_importer.py
2013-09-19 15:19:07 r11747 Python 2.7.3 skos_importer.py
2013-09-19 15:22:40 r11747 Python 2.7.3 skos_importer.py
2013-09-19 15:27:23 r11747 Python 2.7.3 skos_importer.py
2013-09-19 15:28:13 r11747 Python 2.7.3 skos_importer.py
2013-09-19 15:28:28 r11747 Python 2.7.3 skos_importer.py
2013-09-19 15:30:59 r11747 Python 2.7.3 skos_importer.py
2013-09-19 15:31:13 r11747 Python 2.7.3 skos_importer.py
2013-09-19 15:32:25 r11747 Python 2.7.3 skos_importer.py
2013-09-19 15:32:45 r11747 Python 2.7.3 skos_importer.py
2013-09-19 15:34:37 r11747 Python 2.7.3 skos_importer.py
2013-09-19 15:36:07 r11747 Python 2.7.3 skos_importer.py
2013-09-19 15:45:19 r11747 Python 2.7.3 skos_importer.py
2013-09-19 15:45:28 r11747 Python 2.7.3 skos_importer.py
2013-09-19 15:47:23 r11747 Python 2.7.3 skos_importer.py
2013-09-19 15:50:58 r11747 Python 2.7.3 skos_importer.py
2013-09-19 15:52:02 r11747 Python 2.7.3 skos_importer.py
2013-09-19 15:52:33 r11747 Python 2.7.3 skos_importer.py
2013-09-19 15:53:16 r11747 Python 2.7.3 skos_importer.py
2013-09-19 15:53:29 r11747 Python 2.7.3 skos_importer.py
2013-09-19 15:55:11 r11747 Python 2.7.3 skos_importer.py
2013-09-19 15:56:59 r11747 Python 2.7.3 skos_importer.py
2013-09-19 15:58:43 r11747 Python 2.7.3 skos_importer.py
2013-09-19 16:00:33 r11747 Python 2.7.3 skos_importer.py
2013-09-19 16:00:55 r11747 Python 2.7.3 skos_importer.py
2013-09-19 16:02:15 r11747 Python 2.7.3 skos_importer.py
2013-09-19 16:02:48 r11747 Python 2.7.3 skos_importer.py
2013-09-19 16:07:02 r11747 Python 2.7.3 skos_importer.py
2013-09-19 16:09:27 r11747 Python 2.7.3 skos_importer.py
2013-09-19 16:10:19 r11747 Python 2.7.3 skos_importer.py
2013-09-19 16:12:12 r11747 Python 2.7.3 skos_importer.py
2013-09-19 16:14:06 r11747 Python 2.7.3 skos_importer.py
2013-09-19 16:14:29 r11747 Python 2.7.3 skos_importer.py
2013-09-19 16:30:16 r11747 Python 2.7.3 skos_importer.py
2013-09-19 17:04:25 r11747 Python 2.7.3 skos_importer.py
2013-09-19 17:04:46 r11747 Python 2.7.3 skos_importer.py
2013-09-19 17:05:14 r11747 Python 2.7.3 skos_importer.py
2013-09-19 17:05:44 r11747 Python 2.7.3 skos_importer.py
2013-09-19 17:05:53 r11747 Python 2.7.3 skos_importer.py
2013-09-19 17:06:53 r11747 Python 2.7.3 skos_importer.py
2013-09-19 17:08:52 r11747 Python 2.7.3 skos_importer.py
2013-09-19 17:10:28 r11747 Python 2.7.3 skos_importer.py
2013-09-19 17:10:43 r11747 Python 2.7.3 skos_importer.py
2013-09-19 17:11:07 r11747 Python 2.7.3 skos_importer.py
2013-09-19 17:11:25 r11747 Python 2.7.3 skos_importer.py
2013-09-19 17:11:34 r11747 Python 2.7.3 skos_importer.py
2013-09-19 17:12:03 r11747 Python 2.7.3 skos_importer.py
2013-09-19 17:13:26 r11747 Python 2.7.3 skos_importer.py
2013-09-19 17:15:14 r11747 Python 2.7.3 skos_importer.py
2013-09-19 17:16:02 r11747 Python 2.7.3 skos_importer.py
2013-09-19 17:16:41 r11747 Python 2.7.3 skos_importer.py
2013-09-19 17:17:02 r11747 Python 2.7.3 skos_importer.py
2013-09-19 17:17:30 r11747 Python 2.7.3 skos_importer.py
2013-09-19 18:04:28 r11747 Python 2.7.3 skos_importer.py
2013-09-19 18:05:14 r11747 Python 2.7.3 skos_importer.py
2013-09-19 18:05:43 r11747 Python 2.7.3 skos_importer.py
2013-09-19 18:06:24 r11747 Python 2.7.3 skos_importer.py
2013-09-19 18:09:21 r11747 Python 2.7.3 skos_importer.py
2013-09-19 18:39:10 r11747 Python 2.7.3 skos_importer.py
2013-09-19 18:48:48 r11747 Python 2.7.3 skos_importer.py
2013-09-19 18:53:01 r11747 Python 2.7.3 skos_importer.py
2013-09-19 18:55:05 r11747 Python 2.7.3 skos_importer.py
2013-09-19 18:56:49 r11747 Python 2.7.3 skos_importer.py
2013-09-19 18:56:54 r11747 Python 2.7.3 skos_importer.py
2013-09-19 19:18:38 r11747 Python 2.7.3 skos_importer.py
2013-09-19 19:20:19 r11747 Python 2.7.3 skos_importer.py
2013-09-19 19:21:39 r11747 Python 2.7.3 skos_importer.py
2013-09-19 19:21:57 r11747 Python 2.7.3 skos_importer.py
2013-09-19 19:25:07 r11747 Python 2.7.3 skos_importer.py
2013-09-19 19:26:10 r11747 Python 2.7.3 skos_importer.py
2013-09-19 19:26:31 r11747 Python 2.7.3 skos_importer.py
2013-09-19 19:26:46 r11747 Python 2.7.3 skos_importer.py
2013-09-19 19:27:32 r11747 Python 2.7.3 skos_importer.py
2013-09-19 19:27:59 r11747 Python 2.7.3 skos_importer.py
2013-09-19 19:28:05 r11747 Python 2.7.3 skos_importer.py
2013-09-19 19:28:11 r11747 Python 2.7.3 skos_importer.py
2013-09-19 19:28:15 r11747 Python 2.7.3 skos_importer.py
2013-09-19 19:28:18 r11747 Python 2.7.3 skos_importer.py
2013-09-19 19:28:21 r11747 Python 2.7.3 skos_importer.py
2013-09-19 19:28:27 r11747 Python 2.7.3 skos_importer.py
2013-09-19 19:28:31 r11747 Python 2.7.3 skos_importer.py
2013-09-19 19:28:39 r11747 Python 2.7.3 skos_importer.py
2013-09-19 19:28:48 r11747 Python 2.7.3 skos_importer.py
2013-09-19 19:29:13 r11747 Python 2.7.3 skos_importer.py
2013-09-19 19:29:36 r11747 Python 2.7.3 skos_importer.py
2013-09-20 10:30:29 r11747 Python 2.7.3 skos_importer.py
2013-09-20 10:30:33 r11747 Python 2.7.3 skos_importer.py
2013-09-20 10:30:39 r11747 Python 2.7.3 skos_importer.py
2013-09-20 10:30:53 r11747 Python 2.7.3 skos_importer.py
2013-09-20 10:33:26 r11747 Python 2.7.3 skos_importer.py
2013-09-20 10:34:06 r11747 Python 2.7.3 skos_importer.py
2013-09-20 10:34:32 r11747 Python 2.7.3 skos_importer.py
2013-09-20 10:35:28 r11747 Python 2.7.3 skos_importer.py
2013-09-20 10:35:43 r11747 Python 2.7.3 skos_importer.py
2013-09-20 10:36:06 r11747 Python 2.7.3 skos_importer.py
2013-09-20 10:36:21 r11747 Python 2.7.3 skos_importer.py
2013-09-20 10:37:18 r11747 Python 2.7.3 skos_importer.py
2013-09-20 10:37:34 r11747 Python 2.7.3 skos_importer.py
2013-09-20 10:38:05 r11747 Python 2.7.3 skos_importer.py
2013-09-20 10:38:40 r11747 Python 2.7.3 skos_importer.py
2013-09-20 10:38:48 r11747 Python 2.7.3 skos_importer.py
2013-09-20 10:38:58 r11747 Python 2.7.3 skos_importer.py
2013-09-20 10:39:28 r11747 Python 2.7.3 skos_importer.py
2013-09-20 10:43:26 r11747 Python 2.7.3 skos_importer.py
2013-09-20 10:43:34 r11747 Python 2.7.3 skos_importer.py
2013-09-20 10:45:17 r11747 Python 2.7.3 skos_importer.py
2013-09-20 10:45:51 r11747 Python 2.7.3 skos_importer.py
2013-09-20 10:47:11 r11747 Python 2.7.3 skos_importer.py
2013-09-20 10:47:31 r11747 Python 2.7.3 skos_importer.py
2013-09-20 10:48:18 r11747 Python 2.7.3 skos_importer.py
2013-09-20 10:48:52 r11747 Python 2.7.3 skos_importer.py
2013-09-20 10:49:41 r11747 Python 2.7.3 skos_importer.py
2013-09-20 10:50:13 r11747 Python 2.7.3 skos_importer.py
2013-09-20 10:50:49 r11747 Python 2.7.3 skos_importer.py
2013-09-20 10:51:21 r11747 Python 2.7.3 skos_importer.py
2013-09-20 10:51:43 r11747 Python 2.7.3 skos_importer.py
2013-09-20 10:53:03 r11747 Python 2.7.3 skos_importer.py
2013-09-20 10:53:45 r11747 Python 2.7.3 skos_importer.py
2013-09-20 12:13:05 r11747 Python 2.7.3 skos_importer.py
2013-09-20 12:14:25 r11747 Python 2.7.3 skos_importer.py
2013-09-20 12:15:14 r11747 Python 2.7.3 skos_importer.py
2013-09-20 12:15:55 r11747 Python 2.7.3 skos_importer.py
2013-09-20 12:16:13 r11747 Python 2.7.3 skos_importer.py
2013-09-20 12:17:13 r11747 Python 2.7.3 skos_importer.py
2013-09-20 12:17:55 r11747 Python 2.7.3 skos_importer.py
2013-09-20 12:18:08 r11747 Python 2.7.3 skos_importer.py
2013-09-20 12:19:12 r11747 Python 2.7.3 skos_importer.py
2013-09-20 12:19:32 r11747 Python 2.7.3 skos_importer.py
2013-09-20 12:20:22 r11747 Python 2.7.3 skos_importer.py
2013-09-20 12:20:42 r11747 Python 2.7.3 skos_importer.py
2013-09-20 12:23:36 r11747 Python 2.7.3 skos_importer.py
2013-09-20 12:24:00 r11747 Python 2.7.3 skos_importer.py
2013-09-20 12:24:28 r11747 Python 2.7.3 skos_importer.py
2013-09-20 12:25:01 r11747 Python 2.7.3 skos_importer.py
2013-09-20 12:27:20 r11747 Python 2.7.3 skos_importer.py
2013-09-20 12:27:42 r11747 Python 2.7.3 skos_importer.py
2013-09-20 12:28:01 r11747 Python 2.7.3 skos_importer.py
2013-09-20 12:29:01 r11747 Python 2.7.3 skos_importer.py
2013-09-20 12:30:03 r11747 Python 2.7.3 skos_importer.py
2013-09-20 12:30:16 r11747 Python 2.7.3 skos_importer.py
2013-09-20 12:30:57 r11747 Python 2.7.3 skos_importer.py
2013-09-20 12:31:41 r11747 Python 2.7.3 skos_importer.py
2013-09-20 12:33:11 r11747 Python 2.7.3 skos_importer.py
2013-09-20 12:34:14 r11747 Python 2.7.3 skos_importer.py
2013-09-20 12:34:54 r11747 Python 2.7.3 skos_importer.py
2013-09-20 12:39:04 r11747 Python 2.7.3 skos_importer.py
2013-09-20 12:43:34 r11747 Python 2.7.3 skos_importer.py
2013-09-20 12:44:08 r11747 Python 2.7.3 skos_importer.py
2013-09-20 12:47:04 r11747 Python 2.7.3 skos_importer.py
2013-09-20 12:48:58 r11747 Python 2.7.3 skos_importer.py
2013-09-20 12:49:37 r11747 Python 2.7.3 skos_importer.py
2013-09-20 12:53:46 r11747 Python 2.7.3 skos_importer.py
2013-09-20 12:54:13 r11747 Python 2.7.3 skos_importer.py
2013-09-20 12:54:57 r11747 Python 2.7.3 skos_importer.py
2013-09-20 12:55:41 r11747 Python 2.7.3 skos_importer.py
2013-09-20 12:57:42 r11747 Python 2.7.3 skos_importer.py
2013-09-20 13:00:31 r11747 Python 2.7.3 skos_importer.py
2013-09-20 13:01:46 r11747 Python 2.7.3 skos_importer.py
2013-09-20 13:02:04 r11747 Python 2.7.3 skos_importer.py
2013-09-20 13:02:32 r11747 Python 2.7.3 skos_importer.py
2013-09-20 13:03:38 r11747 Python 2.7.3 skos_importer.py
2013-09-20 13:04:11 r11747 Python 2.7.3 skos_importer.py
2013-09-20 13:04:46 r11747 Python 2.7.3 skos_importer.py
2013-09-20 13:05:16 r11747 Python 2.7.3 skos_importer.py
2013-09-20 13:05:48 r11747 Python 2.7.3 skos_importer.py
2013-09-20 13:06:07 r11747 Python 2.7.3 skos_importer.py
2013-09-20 13:07:10 r11747 Python 2.7.3 skos_importer.py
2013-09-20 13:07:24 r11747 Python 2.7.3 skos_importer.py
2013-09-20 13:08:24 r11747 Python 2.7.3 skos_importer.py
2013-09-20 13:08:51 r11747 Python 2.7.3 skos_importer.py
2013-09-20 13:09:24 r11747 Python 2.7.3 skos_importer.py
2013-09-20 13:10:09 r11747 Python 2.7.3 skos_importer.py
2013-09-20 13:10:39 r11747 Python 2.7.3 skos_importer.py
2013-09-20 13:11:47 r11747 Python 2.7.3 skos_importer.py
2013-09-20 13:12:02 r11747 Python 2.7.3 skos_importer.py
2013-09-20 13:12:36 r11747 Python 2.7.3 skos_importer.py
2013-09-20 13:12:59 r11747 Python 2.7.3 skos_importer.py
2013-09-20 13:14:16 r11747 Python 2.7.3 skos_importer.py
2013-09-20 13:14:34 r11747 Python 2.7.3 skos_importer.py
2013-09-20 13:15:34 r11747 Python 2.7.3 skos_importer.py
2013-09-20 13:15:54 r11747 Python 2.7.3 skos_importer.py
2013-09-20 13:16:23 r11747 Python 2.7.3 skos_importer.py
2013-09-20 13:18:06 r11747 Python 2.7.3 skos_importer.py
2013-09-20 13:18:48 r11747 Python 2.7.3 skos_importer.py
2013-09-20 13:19:43 r11747 Python 2.7.3 skos_importer.py
2013-09-20 13:20:47 r11747 Python 2.7.3 skos_importer.py
2013-09-20 13:21:02 r11747 Python 2.7.3 skos_importer.py
2013-09-20 13:24:09 r11747 Python 2.7.3 skos_importer.py
2013-09-20 13:24:39 r11747 Python 2.7.3 skos_importer.py
2013-09-20 13:25:04 r11747 Python 2.7.3 skos_importer.py
2013-09-20 13:30:24 r11747 Python 2.7.3 skos_importer.py
2013-09-20 13:31:12 r11747 Python 2.7.3 skos_importer.py
2013-09-20 13:32:43 r11747 Python 2.7.3 skos_importer.py
2013-09-20 13:33:40 r11747 Python 2.7.3 skos_importer.py
2013-09-20 13:34:01 r11747 Python 2.7.3 skos_importer.py
2013-09-20 13:36:23 r11747 Python 2.7.3 skos_importer.py
2013-09-20 13:36:45 r11747 Python 2.7.3 skos_importer.py
2013-09-20 13:37:05 r11747 Python 2.7.3 skos_importer.py
2013-09-20 14:43:20 r11747 Python 2.7.3 skos_importer.py
2013-09-20 14:47:05 r11747 Python 2.7.3 skos_importer.py
2013-09-20 14:47:54 r11747 Python 2.7.3 skos_importer.py
2013-09-20 14:48:33 r11747 Python 2.7.3 skos_importer.py
2013-09-20 14:49:50 r11747 Python 2.7.3 skos_importer.py
2013-09-20 14:50:52 r11747 Python 2.7.3 skos_importer.py
2013-09-20 14:51:36 r11747 Python 2.7.3 skos_importer.py
2013-09-20 14:52:25 r11747 Python 2.7.3 skos_importer.py
2013-09-20 14:53:05 r11747 Python 2.7.3 skos_importer.py
2013-09-20 14:53:40 r11747 Python 2.7.3 skos_importer.py
2013-09-20 14:55:03 r11747 Python 2.7.3 skos_importer.py
2013-09-20 15:00:44 r11747 Python 2.7.3 skos_importer.py
2013-09-20 15:00:59 r11747 Python 2.7.3 skos_importer.py
2013-09-20 15:01:15 r11747 Python 2.7.3 skos_importer.py
2013-09-20 15:01:33 r11747 Python 2.7.3 skos_importer.py
2013-09-20 15:04:32 r11747 Python 2.7.3 skos_importer.py
2013-09-20 15:05:25 r11747 Python 2.7.3 skos_importer.py
2013-09-20 15:06:40 r11747 Python 2.7.3 skos_importer.py
2013-09-20 15:07:01 r11747 Python 2.7.3 skos_importer.py
2013-09-20 15:08:11 r11747 Python 2.7.3 skos_importer.py
2013-09-20 15:10:20 r11747 Python 2.7.3 skos_importer.py
2013-09-20 15:11:49 r11747 Python 2.7.3 skos_importer.py
2013-09-20 15:14:10 r11747 Python 2.7.3 skos_importer.py
2013-09-20 15:15:13 r11747 Python 2.7.3 skos_importer.py
2013-09-20 15:15:52 r11747 Python 2.7.3 skos_importer.py
2013-09-20 15:16:42 r11747 Python 2.7.3 skos_importer.py
2013-09-20 15:17:04 r11747 Python 2.7.3 skos_importer.py
2013-09-20 15:18:29 r11747 Python 2.7.3 skos_importer.py
2013-09-20 15:19:00 r11747 Python 2.7.3 skos_importer.py
2013-09-20 15:19:29 r11747 Python 2.7.3 skos_importer.py
2013-09-20 15:21:11 r11747 Python 2.7.3 skos_importer.py
2013-09-20 15:22:22 r11747 Python 2.7.3 skos_importer.py
2013-09-20 15:22:55 r11747 Python 2.7.3 skos_importer.py
2013-09-20 15:23:30 r11747 Python 2.7.3 skos_importer.py
2013-09-20 15:24:00 r11747 Python 2.7.3 skos_importer.py
2013-09-20 15:25:27 r11747 Python 2.7.3 skos_importer.py
2013-09-20 15:26:29 r11747 Python 2.7.3 skos_importer.py
2013-09-20 15:27:00 r11747 Python 2.7.3 skos_importer.py
2013-09-20 15:27:21 r11747 Python 2.7.3 skos_importer.py
2013-09-20 15:36:13 r11747 Python 2.7.3 skos_importer.py
2013-09-20 15:36:33 r11747 Python 2.7.3 skos_importer.py
2013-09-20 15:39:08 r11747 Python 2.7.3 skos_importer.py
2013-09-20 15:39:25 r11747 Python 2.7.3 skos_importer.py
2013-09-20 15:41:25 r11747 Python 2.7.3 skos_importer.py
2013-09-20 16:29:47 r11747 Python 2.7.3 skos_importer.py
2013-09-23 14:27:56 r11747 Python 2.7.3 skos_importer.py
2013-09-23 14:30:33 r11747 Python 2.7.3 skos_importer.py
2013-09-23 14:31:11 r11747 Python 2.7.3 skos_importer.py
2013-09-23 17:56:55 r11747 Python 2.7.3 skos_importer.py
2013-09-23 17:57:27 r11747 Python 2.7.3 skos_importer.py
2013-09-23 17:57:54 r11747 Python 2.7.3 skos_importer.py
2013-09-23 17:58:15 r11747 Python 2.7.3 skos_importer.py
2013-09-23 18:00:17 r11747 Python 2.7.3 skos_importer.py
2013-09-23 18:00:51 r11747 Python 2.7.3 skos_importer.py
2013-09-23 18:01:29 r11747 Python 2.7.3 skos_importer.py
2013-09-23 18:02:33 r11747 Python 2.7.3 skos_importer.py
2013-09-23 18:03:15 r11747 Python 2.7.3 skos_importer.py
2013-09-23 18:03:32 r11747 Python 2.7.3 skos_importer.py
2013-09-23 18:04:03 r11747 Python 2.7.3 skos_importer.py
2013-09-23 18:04:23 r11747 Python 2.7.3 skos_importer.py
2013-09-23 18:11:42 r11747 Python 2.7.3 skos_importer.py
2013-09-23 18:11:54 r11747 Python 2.7.3 skos_importer.py
2013-09-23 18:13:16 r11747 Python 2.7.3 skos_importer.py
2013-09-23 18:14:17 r11747 Python 2.7.3 skos_importer.py
2013-09-23 18:14:35 r11747 Python 2.7.3 skos_importer.py
2013-09-23 18:15:07 r11747 Python 2.7.3 skos_importer.py
2013-09-23 18:15:44 r11747 Python 2.7.3 skos_importer.py
2013-09-23 18:16:10 r11747 Python 2.7.3 skos_importer.py
2013-09-23 18:16:29 r11747 Python 2.7.3 skos_importer.py
2013-09-23 18:19:44 r11747 Python 2.7.3 skos_importer.py
2013-09-23 18:20:43 r11747 Python 2.7.3 skos_importer.py
2013-09-23 18:23:38 r11747 Python 2.7.3 skos_importer.py
2013-09-23 18:23:56 r11747 Python 2.7.3 skos_importer.py
2013-09-23 18:25:07 r11747 Python 2.7.3 skos_importer.py
2013-09-23 18:25:28 r11747 Python 2.7.3 skos_importer.py
2013-09-23 18:26:45 r11747 Python 2.7.3 skos_importer.py
2013-09-23 18:27:08 r11747 Python 2.7.3 skos_importer.py
2013-09-23 18:27:19 r11747 Python 2.7.3 skos_importer.py
2013-09-23 18:27:38 r11747 Python 2.7.3 skos_importer.py
2013-09-23 18:28:37 r11747 Python 2.7.3 skos_importer.py
2013-09-23 18:28:53 r11747 Python 2.7.3 skos_importer.py
2013-09-23 18:31:16 r11747 Python 2.7.3 skos_importer.py
2013-09-23 18:31:23 r11747 Python 2.7.3 skos_importer.py
2013-09-23 18:31:45 r11747 Python 2.7.3 skos_importer.py
2013-09-23 18:32:51 r11747 Python 2.7.3 skos_importer.py
2013-09-23 18:33:02 r11747 Python 2.7.3 skos_importer.py
2013-09-23 18:33:11 r11747 Python 2.7.3 skos_importer.py
2013-09-23 18:33:31 r11747 Python 2.7.3 skos_importer.py
2013-09-23 18:33:50 r11747 Python 2.7.3 skos_importer.py
2013-09-23 18:34:01 r11747 Python 2.7.3 skos_importer.py
2013-09-23 18:38:05 r11747 Python 2.7.3 skos_importer.py
2013-09-23 18:39:25 r11747 Python 2.7.3 skos_importer.py
2013-09-23 18:39:34 r11747 Python 2.7.3 skos_importer.py
2013-09-24 12:01:04 r11747 Python 2.7.3 skos_importer.py
2013-09-24 12:01:26 r11747 Python 2.7.3 skos_importer.py
2013-09-24 12:01:56 r11747 Python 2.7.3 skos_importer.py
2013-09-24 12:02:20 r11747 Python 2.7.3 skos_importer.py
2013-09-24 12:02:42 r11747 Python 2.7.3 skos_importer.py
2013-09-24 12:02:56 r11747 Python 2.7.3 skos_importer.py
2013-09-24 12:56:51 r11747 Python 2.7.3 skos_importer_pythonLib.py
2013-09-24 12:57:08 r11747 Python 2.7.3 skos_importer_pythonLib.py
2013-09-24 12:57:47 r11747 Python 2.7.3 skos_importer_pythonLib.py
2013-09-24 12:58:34 r11747 Python 2.7.3 skos_importer_pythonLib.py
2013-09-24 12:59:39 r11747 Python 2.7.3 skos_importer_pythonLib.py
2013-09-24 13:00:03 r11747 Python 2.7.3 skos_importer_pythonLib.py
2013-09-24 13:00:38 r11747 Python 2.7.3 skos_importer_pythonLib.py
2013-09-24 13:01:03 r11747 Python 2.7.3 skos_importer_pythonLib.py
2013-09-24 14:22:35 r11747 Python 2.7.3 skos_importer_pythonLib.py
2013-09-24 14:24:00 r11747 Python 2.7.3 skos_importer_pythonLib.py
2013-09-24 14:37:23 r11747 Python 2.7.3 skos_importer_pythonLib.py
2013-09-24 14:41:16 r11747 Python 2.7.3 skos_importer_pythonLib.py
2013-09-24 14:42:15 r11747 Python 2.7.3 skos_importer_pythonLib.py
2013-09-24 14:43:42 r11747 Python 2.7.3 skos_importer_pythonLib.py
2013-09-24 14:44:30 r11747 Python 2.7.3 skos_importer_pythonLib.py
2013-09-24 14:44:51 r11747 Python 2.7.3 skos_importer_pythonLib.py
2013-09-24 14:45:10 r11747 Python 2.7.3 skos_importer_pythonLib.py
2013-09-24 14:45:20 r11747 Python 2.7.3 skos_importer_pythonLib.py
2013-09-24 14:45:40 r11747 Python 2.7.3 skos_importer_pythonLib.py
2013-09-24 14:46:13 r11747 Python 2.7.3 skos_importer_pythonLib.py
2013-09-24 14:47:27 r11747 Python 2.7.3 skos_importer_pythonLib.py
2013-09-24 14:48:40 r11747 Python 2.7.3 skos_importer_pythonLib.py
2013-09-24 14:49:09 r11747 Python 2.7.3 skos_importer_pythonLib.py
2013-09-24 14:50:37 r11747 Python 2.7.3 skos_importer_pythonLib.py
2013-09-24 15:00:28 r11747 Python 2.7.3 skos_importer_pythonLib.py
2013-09-24 15:01:02 r11747 Python 2.7.3 skos_importer_pythonLib.py
2013-09-24 15:01:25 r11747 Python 2.7.3 skos_importer_pythonLib.py
2013-09-24 15:01:58 r11747 Python 2.7.3 skos_importer_pythonLib.py
2013-09-25 10:11:18 r11747 Python 2.7.3 skos_importer_pythonLib.py
2013-09-25 10:16:52 r11747 Python 2.7.3 skos_importer_pythonLib.py
2013-09-25 10:20:19 r11747 Python 2.7.3 skos_importer_pythonLib.py
2013-09-25 10:20:37 r11747 Python 2.7.3 skos_importer_pythonLib.py
2013-09-25 10:22:11 r11747 Python 2.7.3 skos_importer_pythonLib.py
2013-09-25 10:22:44 r11747 Python 2.7.3 skos_importer_pythonLib.py
2013-09-25 10:27:37 r11747 Python 2.7.3 skos_importer_pythonLib.py
2013-09-25 10:28:02 r11747 Python 2.7.3 skos_importer_pythonLib.py
2013-09-25 10:32:11 r11747 Python 2.7.3 skos_importer_pythonLib.py
2013-09-25 10:34:49 r11747 Python 2.7.3 skos_importer_pythonLib.py
2013-09-25 10:36:41 r11747 Python 2.7.3 skos_importer_pythonLib.py
2013-09-25 10:36:47 r11747 Python 2.7.3 skos_importer_pythonLib.py
2013-09-25 10:39:18 r11747 Python 2.7.3 skos_importer_pythonLib.py
2013-09-25 10:39:41 r11747 Python 2.7.3 skos_importer_pythonLib.py
2013-09-25 10:41:59 r11747 Python 2.7.3 skos_importer_pythonLib.py
2013-09-25 10:42:31 r11747 Python 2.7.3 skos_importer_pythonLib.py
2013-09-25 10:43:53 r11747 Python 2.7.3 skos_importer_pythonLib.py
2013-09-25 10:44:09 r11747 Python 2.7.3 skos_importer_pythonLib.py
2013-09-25 10:44:29 r11747 Python 2.7.3 skos_importer_pythonLib.py
2013-09-25 10:44:45 r11747 Python 2.7.3 skos_importer_pythonLib.py
2013-09-25 10:46:21 r11747 Python 2.7.3 skos_importer_pythonLib.py
2013-09-25 10:47:15 r11747 Python 2.7.3 skos_importer_pythonLib.py
2013-09-25 10:47:26 r11747 Python 2.7.3 skos_importer_pythonLib.py
2013-09-25 10:50:14 r11747 Python 2.7.3 skos_importer_pythonLib.py
2013-09-25 10:54:43 r11747 Python 2.7.3 skos_importer_pythonLib.py
2013-09-25 10:55:36 r11747 Python 2.7.3 skos_importer_pythonLib.py
2013-09-25 10:55:54 r11747 Python 2.7.3 skos_importer_pythonLib.py
2013-09-25 10:57:14 r11747 Python 2.7.3 skos_importer_pythonLib.py
2013-09-25 10:57:52 r11747 Python 2.7.3 skos_importer_pythonLib.py
2013-09-25 10:58:01 r11747 Python 2.7.3 skos_importer_pythonLib.py
2013-09-25 10:58:58 r11747 Python 2.7.3 skos_importer_pythonLib.py
2013-09-25 10:59:13 r11747 Python 2.7.3 skos_importer_pythonLib.py
2013-09-25 10:59:19 r11747 Python 2.7.3 skos_importer_pythonLib.py
2013-09-25 11:01:19 r11747 Python 2.7.3 skos_importer_pythonLib.py
2013-09-25 11:01:42 r11747 Python 2.7.3 skos_importer_pythonLib.py
2013-09-25 11:03:23 r11747 Python 2.7.3 skos_importer_pythonLib.py
2013-09-25 11:03:34 r11747 Python 2.7.3 skos_importer_pythonLib.py
2013-09-25 11:31:27 r11747 Python 2.7.3 skos_importer_pythonLib.py
2013-09-25 11:33:54 r11747 Python 2.7.3 skos_importer_pythonLib.py
2013-09-25 11:34:15 r11747 Python 2.7.3 skos_importer_pythonLib.py
2013-09-25 11:35:48 r11747 Python 2.7.3 skos_importer_pythonLib.py
2013-09-25 11:36:22 r11747 Python 2.7.3 skos_importer_pythonLib.py
2013-09-25 11:41:57 r11747 Python 2.7.3 skos_importer_pythonLib.py
2013-09-25 11:42:26 r11747 Python 2.7.3 skos_importer_pythonLib.py
2013-09-25 11:43:09 r11747 Python 2.7.3 skos_importer_pythonLib.py
2013-09-25 11:43:19 r11747 Python 2.7.3 skos_importer_pythonLib.py
2013-09-25 11:43:29 r11747 Python 2.7.3 skos_importer_pythonLib.py
2013-09-25 11:43:41 r11747 Python 2.7.3 skos_importer_pythonLib.py
2013-09-25 11:46:43 r11747 Python 2.7.3 skos_importer_pythonLib.py
2013-09-25 11:46:52 r11747 Python 2.7.3 skos_importer_pythonLib.py
2013-09-25 11:47:56 r11747 Python 2.7.3 skos_importer_pythonLib.py
2013-09-25 11:49:23 r11747 Python 2.7.3 skos_importer_pythonLib.py
2013-09-25 11:49:55 r11747 Python 2.7.3 skos_importer_pythonLib.py
2013-09-25 11:50:34 r11747 Python 2.7.3 skos_importer_pythonLib.py
2013-09-25 11:52:16 r11747 Python 2.7.3 skos_importer_pythonLib.py
2013-09-25 11:52:35 r11747 Python 2.7.3 skos_importer_pythonLib.py
2013-09-25 11:53:19 r11747 Python 2.7.3 skos_importer_pythonLib.py
2013-09-25 11:54:16 r11747 Python 2.7.3 skos_importer_pythonLib.py
2013-09-25 11:56:43 r11747 Python 2.7.3 skos_importer_pythonLib.py
2013-09-25 11:57:19 r11747 Python 2.7.3 skos_importer_pythonLib.py
2013-09-25 12:02:14 r11747 Python 2.7.3 skos_importer_pythonLib.py
2013-09-25 12:03:03 r11747 Python 2.7.3 skos_importer_pythonLib.py
2013-09-25 12:05:23 r11747 Python 2.7.3 skos_importer_pythonLib.py
2013-09-25 12:05:36 r11747 Python 2.7.3 skos_importer_pythonLib.py
2013-09-25 12:07:28 r11747 Python 2.7.3 skos_importer_pythonLib.py
2013-09-25 12:08:04 r11747 Python 2.7.3 skos_importer_pythonLib.py
2013-09-25 12:08:32 r11747 Python 2.7.3 skos_importer_pythonLib.py
2013-09-25 12:08:47 r11747 Python 2.7.3 skos_importer_pythonLib.py
2013-09-25 12:09:01 r11747 Python 2.7.3 skos_importer_pythonLib.py
2013-09-25 12:09:24 r11747 Python 2.7.3 skos_importer_pythonLib.py "bin" "elements.rdf" "include" "lib" "local" "python-skos-0.0.3" "pywikipedia" "script_test.py" "skos_example.rdf" "skos_importer.py" "skos_importer_pythonLib.py" "skos_importer_pythonLib.pyc" "unescothes.rdf"
2013-09-25 12:09:40 r11747 Python 2.7.3 skos_importer_pythonLib.py "bin" "elements.rdf" "include" "lib" "local" "python-skos-0.0.3" "pywikipedia" "script_test.py" "skos_example.rdf" "skos_importer.py" "skos_importer_pythonLib.py" "skos_importer_pythonLib.pyc" "unescothes.rdf"
2013-09-25 12:10:23 r11747 Python 2.7.3 skos_importer_pythonLib.py "bin" "elements.rdf" "include" "lib" "local" "python-skos-0.0.3" "pywikipedia" "script_test.py" "skos_example.rdf" "skos_importer.py" "skos_importer_pythonLib.py" "skos_importer_pythonLib.pyc" "unescothes.rdf"
2013-09-25 12:20:20 r11747 Python 2.7.3 skos_importer_pythonLib.py "bin" "elements.rdf" "include" "lib" "local" "python-skos-0.0.3" "pywikipedia" "script_test.py" "skos_example.rdf" "skos_importer.py" "skos_importer_pythonLib.py" "skos_importer_pythonLib.pyc" "unescothes.rdf"
2013-09-25 12:20:43 r11747 Python 2.7.3 skos_importer_pythonLib.py "bin" "elements.rdf" "include" "lib" "local" "python-skos-0.0.3" "pywikipedia" "script_test.py" "skos_example.rdf" "skos_importer.py" "skos_importer_pythonLib.py" "skos_importer_pythonLib.pyc" "unescothes.rdf"
2013-09-25 12:21:53 r11747 Python 2.7.3 skos_importer_pythonLib.py "bin" "elements.rdf" "include" "lib" "local" "python-skos-0.0.3" "pywikipedia" "script_test.py" "skos_example.rdf" "skos_importer.py" "skos_importer_pythonLib.py" "skos_importer_pythonLib.pyc" "unescothes.rdf"
2013-09-25 12:22:26 r11747 Python 2.7.3 skos_importer_pythonLib.py "bin" "elements.rdf" "include" "lib" "local" "python-skos-0.0.3" "pywikipedia" "script_test.py" "skos_example.rdf" "skos_importer.py" "skos_importer_pythonLib.py" "skos_importer_pythonLib.pyc" "unescothes.rdf"
2013-09-25 12:22:39 r11747 Python 2.7.3 skos_importer_pythonLib.py "bin" "elements.rdf" "include" "lib" "local" "python-skos-0.0.3" "pywikipedia" "script_test.py" "skos_example.rdf" "skos_importer.py" "skos_importer_pythonLib.py" "skos_importer_pythonLib.pyc" "unescothes.rdf"
2013-09-25 12:23:19 r11747 Python 2.7.3 skos_importer_pythonLib.py "bin" "elements.rdf" "include" "lib" "local" "python-skos-0.0.3" "pywikipedia" "script_test.py" "skos_example.rdf" "skos_importer.py" "skos_importer_pythonLib.py" "skos_importer_pythonLib.pyc" "unescothes.rdf"
2013-09-25 12:23:59 r11747 Python 2.7.3 skos_importer_pythonLib.py "bin" "elements.rdf" "include" "lib" "local" "python-skos-0.0.3" "pywikipedia" "script_test.py" "skos_example.rdf" "skos_importer.py" "skos_importer_pythonLib.py" "skos_importer_pythonLib.pyc" "unescothes.rdf"
2013-09-25 12:24:33 r11747 Python 2.7.3 skos_importer_pythonLib.py "bin" "elements.rdf" "include" "lib" "local" "python-skos-0.0.3" "pywikipedia" "script_test.py" "skos_example.rdf" "skos_importer.py" "skos_importer_pythonLib.py" "skos_importer_pythonLib.pyc" "unescothes.rdf"
2013-09-25 12:29:10 r11747 Python 2.7.3 skos_importer_pythonLib.py "bin" "elements.rdf" "include" "lib" "local" "python-skos-0.0.3" "pywikipedia" "script_test.py" "skos_example.rdf" "skos_importer.py" "skos_importer_pythonLib.py" "skos_importer_pythonLib.pyc" "unescothes.rdf"
2013-09-25 12:44:59 r11747 Python 2.7.3 skos_importer_pythonLib.py "bin" "elements.rdf" "include" "lib" "local" "python-skos-0.0.3" "pywikipedia" "script_test.py" "skos_example.rdf" "skos_importer.py" "skos_importer_pythonLib.py" "skos_importer_pythonLib.pyc" "unescothes.rdf"
2013-09-25 12:45:34 r11747 Python 2.7.3 skos_importer_pythonLib.py
2013-09-25 12:45:57 r11747 Python 2.7.3 skos_importer_pythonLib.py
2013-09-25 12:48:00 r11747 Python 2.7.3 skos_importer_pythonLib.py
2013-09-25 12:50:05 r11747 Python 2.7.3 skos_importer_pythonLib.py
2013-09-25 12:51:05 r11747 Python 2.7.3 skos_importer_pythonLib.py
2013-09-25 12:52:29 r11747 Python 2.7.3 skos_importer_pythonLib.py
2013-09-25 12:52:51 r11747 Python 2.7.3 skos_importer_pythonLib.py
2013-09-25 12:54:19 r11747 Python 2.7.3 skos_importer_pythonLib.py
2013-09-25 12:55:08 r11747 Python 2.7.3 skos_importer_pythonLib.py
2013-09-25 12:56:03 r11747 Python 2.7.3 skos_importer_pythonLib.py
2013-09-25 12:56:19 r11747 Python 2.7.3 skos_importer_pythonLib.py
2013-09-25 12:56:50 r11747 Python 2.7.3 skos_importer_pythonLib.py
2013-09-25 12:57:34 r11747 Python 2.7.3 skos_importer_pythonLib.py
2013-09-25 12:58:30 r11747 Python 2.7.3 skos_importer_pythonLib.py
2013-09-25 12:58:46 r11747 Python 2.7.3 skos_importer_pythonLib.py
2013-09-25 13:02:44 r11747 Python 2.7.3 skos_importer_pythonLib.py
2013-09-25 13:03:07 r11747 Python 2.7.3 skos_importer_pythonLib.py
2013-09-25 13:04:43 r11747 Python 2.7.3 skos_importer_pythonLib.py
2013-09-25 13:05:03 r11747 Python 2.7.3 skos_importer_pythonLib.py
2013-09-25 16:17:22 r11747 Python 2.7.3 skos_importer_pythonLib.py
2013-09-25 16:18:09 r11747 Python 2.7.3 skos_importer_pythonLib.py
2013-09-25 16:18:34 r11747 Python 2.7.3 skos_importer_pythonLib.py
2013-09-25 16:19:14 r11747 Python 2.7.3 skos_importer_pythonLib.py
2013-09-25 16:34:47 r11747 Python 2.7.3 skos_importer_pythonLib.py
2013-09-25 16:35:14 r11747 Python 2.7.3 skos_importer_pythonLib.py
2013-09-25 16:36:49 r11747 Python 2.7.3 skos_importer_pythonLib.py
2013-09-25 16:37:23 r11747 Python 2.7.3 skos_importer_pythonLib.py
2013-09-25 16:37:39 r11747 Python 2.7.3 skos_importer_pythonLib.py
2013-09-25 16:40:09 r11747 Python 2.7.3 skos_importer_pythonLib.py
2013-09-25 16:40:44 r11747 Python 2.7.3 skos_importer_pythonLib.py
2013-09-25 16:41:06 r11747 Python 2.7.3 skos_importer_pythonLib.py
2013-09-25 16:41:39 r11747 Python 2.7.3 skos_importer_pythonLib.py
2013-09-25 16:41:55 r11747 Python 2.7.3 skos_importer_pythonLib.py
2013-09-25 16:43:01 r11747 Python 2.7.3 skos_importer_pythonLib.py
2013-09-25 16:43:35 r11747 Python 2.7.3 skos_importer_pythonLib.py
2013-09-25 16:44:21 r11747 Python 2.7.3 skos_importer_pythonLib.py
2013-09-25 16:46:23 r11747 Python 2.7.3 skos_importer_pythonLib.py
2013-09-25 16:47:40 r11747 Python 2.7.3 skos_importer_pythonLib.py
2013-09-25 16:48:47 r11747 Python 2.7.3 skos_importer_pythonLib.py
2013-09-25 16:49:30 r11747 Python 2.7.3 skos_importer_pythonLib.py
2013-09-25 16:50:00 r11747 Python 2.7.3 skos_importer_pythonLib.py
2013-09-25 16:51:04 r11747 Python 2.7.3 skos_importer_pythonLib.py
2013-09-25 16:51:32 r11747 Python 2.7.3 skos_importer_pythonLib.py
2013-09-25 16:53:38 r11747 Python 2.7.3 skos_importer_pythonLib.py
2013-09-25 16:54:01 r11747 Python 2.7.3 skos_importer_pythonLib.py
2013-09-25 17:20:24 r11747 Python 2.7.3 skos_importer_pythonLib.py
2013-09-25 17:20:56 r11747 Python 2.7.3 skos_importer_pythonLib.py
2013-09-25 17:21:35 r11747 Python 2.7.3 skos_importer_pythonLib.py
2013-09-25 17:22:07 r11747 Python 2.7.3 skos_importer_pythonLib.py
2013-09-25 17:23:16 r11747 Python 2.7.3 skos_importer_pythonLib.py
2013-09-25 17:23:29 r11747 Python 2.7.3 skos_importer_pythonLib.py
2013-09-25 17:24:15 r11747 Python 2.7.3 skos_importer_pythonLib.py
2013-09-25 17:24:22 r11747 Python 2.7.3 skos_importer_pythonLib.py
2013-09-25 17:25:32 r11747 Python 2.7.3 skos_importer_pythonLib.py
2013-09-25 17:26:09 r11747 Python 2.7.3 skos_importer_pythonLib.py
2013-09-25 17:26:31 r11747 Python 2.7.3 skos_importer_pythonLib.py
2013-09-25 17:26:52 r11747 Python 2.7.3 skos_importer_pythonLib.py
2013-09-25 17:27:11 r11747 Python 2.7.3 skos_importer_pythonLib.py
2013-09-25 17:28:05 r11747 Python 2.7.3 skos_importer_pythonLib.py
2013-09-25 17:28:39 r11747 Python 2.7.3 skos_importer_pythonLib.py
2013-09-25 17:32:00 r11747 Python 2.7.3 skos_importer_pythonLib.py
2013-09-25 17:35:28 r11747 Python 2.7.3 skos_importer_pythonLib.py
2013-09-25 17:35:55 r11747 Python 2.7.3 skos_importer_pythonLib.py
2013-09-25 17:36:18 r11747 Python 2.7.3 skos_importer_pythonLib.py
2013-09-25 17:36:48 r11747 Python 2.7.3 skos_importer_pythonLib.py
2013-09-25 17:36:55 r11747 Python 2.7.3 skos_importer_pythonLib.py
2013-09-25 17:37:35 r11747 Python 2.7.3 skos_importer_pythonLib.py
2013-09-25 17:38:53 r11747 Python 2.7.3 skos_importer_pythonLib.py
2013-09-25 17:40:46 r11747 Python 2.7.3 skos_importer_pythonLib.py
2013-09-25 17:41:15 r11747 Python 2.7.3 skos_importer_pythonLib.py
2013-09-25 17:42:23 r11747 Python 2.7.3 skos_importer_pythonLib.py
2013-09-25 17:48:37 r11747 Python 2.7.3 skos_importer_pythonLib.py
2013-09-25 17:48:58 r11747 Python 2.7.3 skos_importer_pythonLib.py
2013-09-25 17:49:26 r11747 Python 2.7.3 skos_importer_pythonLib.py
2013-09-25 17:49:49 r11747 Python 2.7.3 skos_importer_pythonLib.py
2013-09-25 17:51:53 r11747 Python 2.7.3 skos_importer_pythonLib.py
2013-09-25 17:52:24 r11747 Python 2.7.3 skos_importer_pythonLib.py
2013-09-25 17:52:53 r11747 Python 2.7.3 skos_importer_pythonLib.py
2013-09-25 17:53:16 r11747 Python 2.7.3 skos_importer_pythonLib.py
2013-09-25 17:54:24 r11747 Python 2.7.3 skos_importer_pythonLib.py
2013-09-25 17:55:02 r11747 Python 2.7.3 skos_importer_pythonLib.py
2013-09-25 18:52:19 r11747 Python 2.7.3 skos_importer_pythonLib.py
2013-09-25 18:52:52 r11747 Python 2.7.3 skos_importer_pythonLib.py
2013-09-25 18:53:23 r11747 Python 2.7.3 skos_importer_pythonLib.py
2013-09-26 11:39:34 r11747 Python 2.7.3 skos_importer_pythonLib.py
2013-09-26 11:48:05 r11747 Python 2.7.3 skos_importer_pythonLib.py
2013-09-26 11:52:59 r11747 Python 2.7.3 skos_importer_pythonLib.py
2013-09-26 11:56:10 r11747 Python 2.7.3 skos_importer_pythonLib.py
2013-09-26 11:56:26 r11747 Python 2.7.3 skos_importer_pythonLib.py
2013-09-26 11:57:49 r11747 Python 2.7.3 skos_importer_pythonLib.py
2013-09-26 11:59:02 r11747 Python 2.7.3 skos_importer_pythonLib.py
2013-09-26 11:59:46 r11747 Python 2.7.3 skos_importer_pythonLib.py
2013-09-26 12:00:13 r11747 Python 2.7.3 skos_importer_pythonLib.py
2013-09-26 12:02:31 r11747 Python 2.7.3 skos_importer_pythonLib.py
2013-09-26 12:04:18 r11747 Python 2.7.3 skos_importer_pythonLib.py
2013-09-26 12:07:06 r11747 Python 2.7.3 skos_importer_pythonLib.py
2013-09-26 12:09:39 r11747 Python 2.7.3 skos_importer_pythonLib.py
2013-09-26 12:10:49 r11747 Python 2.7.3 skos_importer_pythonLib.py
2013-09-26 12:20:47 r11747 Python 2.7.3 skos_importer_pythonLib.py
2013-09-26 14:51:44 r11747 Python 2.7.3 skos_importer_pythonLib.py
2013-09-26 14:52:21 r11747 Python 2.7.3 skos_importer_pythonLib.py
2013-09-26 14:53:24 r11747 Python 2.7.3 skos_importer_pythonLib.py
2013-09-26 14:54:50 r11747 Python 2.7.3 skos_importer_pythonLib.py
2013-09-26 14:55:50 r11747 Python 2.7.3 skos_importer_pythonLib.py
2013-09-26 14:56:02 r11747 Python 2.7.3 skos_importer_pythonLib.py
2013-09-26 14:56:18 r11747 Python 2.7.3 skos_importer_pythonLib.py
2013-09-26 14:56:59 r11747 Python 2.7.3 skos_importer_pythonLib.py
2013-09-26 14:58:07 r11747 Python 2.7.3 skos_importer_pythonLib.py
2013-09-26 15:01:45 r11747 Python 2.7.3 skos_importer_pythonLib.py
2013-09-26 15:01:59 r11747 Python 2.7.3 skos_importer_pythonLib.py
2013-09-26 15:02:13 r11747 Python 2.7.3 skos_importer_pythonLib.py
2013-09-26 15:02:40 r11747 Python 2.7.3 skos_importer_pythonLib.py
2013-09-26 15:03:19 r11747 Python 2.7.3 skos_importer_pythonLib.py
2013-09-26 15:03:25 r11747 Python 2.7.3 skos_importer_pythonLib.py
2013-09-26 15:06:18 r11747 Python 2.7.3 skos_importer_pythonLib.py
2013-09-26 15:07:13 r11747 Python 2.7.3 skos_importer_pythonLib.py
2013-09-26 15:07:21 r11747 Python 2.7.3 skos_importer_pythonLib.py
2013-09-26 15:08:20 r11747 Python 2.7.3 skos_importer_pythonLib.py
2013-09-26 15:11:20 r11747 Python 2.7.3 skos_importer_pythonLib.py
2013-09-26 15:12:21 r11747 Python 2.7.3 skos_importer_pythonLib.py
2013-09-26 15:12:27 r11747 Python 2.7.3 skos_importer_pythonLib.py
2013-09-26 15:12:54 r11747 Python 2.7.3 skos_importer_pythonLib.py
2013-09-26 15:13:09 r11747 Python 2.7.3 skos_importer_pythonLib.py
2013-09-26 15:14:39 r11747 Python 2.7.3 skos_importer_pythonLib.py
2013-09-26 15:15:18 r11747 Python 2.7.3 skos_importer_pythonLib.py
2013-09-26 15:18:42 r11747 Python 2.7.3 skos_importer_pythonLib.py
2013-09-26 15:18:56 r11747 Python 2.7.3 skos_importer_pythonLib.py
2013-09-26 15:19:04 r11747 Python 2.7.3 skos_importer_pythonLib.py
2013-09-26 15:19:22 r11747 Python 2.7.3 skos_importer_pythonLib.py
2013-09-26 15:38:28 r11747 Python 2.7.3 skos_importer_pythonLib.py
2013-09-26 15:38:55 r11747 Python 2.7.3 skos_importer_pythonLib.py
2013-09-26 15:39:47 r11747 Python 2.7.3 skos_importer_pythonLib.py
2013-09-26 15:40:01 r11747 Python 2.7.3 skos_importer_pythonLib.py
2013-09-26 15:40:15 r11747 Python 2.7.3 skos_importer_pythonLib.py
2013-09-26 15:42:36 r11747 Python 2.7.3 skos_importer_pythonLib.py
2013-09-26 15:43:05 r11747 Python 2.7.3 skos_importer_pythonLib.py
2013-09-26 15:44:01 r11747 Python 2.7.3 skos_importer_pythonLib.py
2013-09-26 15:44:57 r11747 Python 2.7.3 skos_importer_pythonLib.py
2013-09-26 15:45:28 r11747 Python 2.7.3 skos_importer_pythonLib.py
2013-09-26 15:49:24 r11747 Python 2.7.3 skos_importer_pythonLib.py
2013-09-26 18:15:32 r11747 Python 2.7.3 skos_importer_pythonLib.py
2013-09-26 18:15:59 r11747 Python 2.7.3 skos_importer_pythonLib.py
2013-09-26 18:16:42 r11747 Python 2.7.3 skos_importer_pythonLib.py
2013-09-26 18:18:05 r11747 Python 2.7.3 skos_importer_pythonLib.py
2013-09-26 18:18:30 r11747 Python 2.7.3 skos_importer_pythonLib.py
2013-09-26 18:18:52 r11747 Python 2.7.3 skos_importer_pythonLib.py
2013-09-26 18:19:10 r11747 Python 2.7.3 skos_importer_pythonLib.py
2013-09-26 18:19:47 r11747 Python 2.7.3 skos_importer_pythonLib.py
2013-09-26 18:20:26 r11747 Python 2.7.3 skos_importer_pythonLib.py
2013-09-26 18:22:44 r11747 Python 2.7.3 skos_importer_pythonLib.py
2013-09-26 18:23:05 r11747 Python 2.7.3 skos_importer_pythonLib.py
2013-09-26 18:24:25 r11747 Python 2.7.3 skos_importer_pythonLib.py
2013-09-26 18:34:45 r11747 Python 2.7.3 skos_importer_pythonLib.py
2013-09-26 18:35:17 r11747 Python 2.7.3 skos_importer_pythonLib.py
2013-09-26 18:35:30 r11747 Python 2.7.3 skos_importer_pythonLib.py
2013-09-26 18:35:47 r11747 Python 2.7.3 skos_importer_pythonLib.py
2013-09-26 18:37:33 r11747 Python 2.7.3 skos_importer_pythonLib.py
2013-09-26 18:38:36 r11747 Python 2.7.3 skos_importer_pythonLib.py
2013-09-26 18:40:24 r11747 Python 2.7.3 skos_importer_pythonLib.py
2013-09-26 18:40:46 r11747 Python 2.7.3 skos_importer_pythonLib.py
2013-09-26 18:43:30 r11747 Python 2.7.3 skos_importer_pythonLib.py
2013-09-26 18:44:55 r11747 Python 2.7.3 skos_importer_pythonLib.py
2013-09-26 18:46:02 r11747 Python 2.7.3 skos_importer_pythonLib.py
2013-09-26 18:47:20 r11747 Python 2.7.3 skos_importer_pythonLib.py
2013-09-26 18:48:17 r11747 Python 2.7.3 skos_importer_pythonLib.py
2013-09-26 18:54:38 r11747 Python 2.7.3 skos_importer_pythonLib.py
2013-09-26 18:55:20 r11747 Python 2.7.3 skos_importer_pythonLib.py
2013-09-26 18:55:55 r11747 Python 2.7.3 skos_importer_pythonLib.py
2013-09-26 18:56:29 r11747 Python 2.7.3 skos_importer_pythonLib.py
2013-09-26 18:58:04 r11747 Python 2.7.3 skos_importer_pythonLib.py
2013-09-26 18:58:46 r11747 Python 2.7.3 skos_importer_pythonLib.py
2013-09-26 18:59:46 r11747 Python 2.7.3 skos_importer_pythonLib.py
2013-09-26 18:59:59 r11747 Python 2.7.3 skos_importer_pythonLib.py
2013-09-26 19:00:28 r11747 Python 2.7.3 skos_importer_pythonLib.py
2013-09-26 19:01:39 r11747 Python 2.7.3 skos_importer_pythonLib.py
2013-09-26 19:01:48 r11747 Python 2.7.3 skos_importer_pythonLib.py
2013-09-30 11:42:17 r11747 Python 2.7.3 skos_importer_pythonLib.py
2013-09-30 11:43:34 r11747 Python 2.7.3 skos_importer_pythonLib.py
2013-09-30 11:43:54 r11747 Python 2.7.3 skos_importer_pythonLib.py
2013-09-30 11:44:12 r11747 Python 2.7.3 skos_importer_pythonLib.py
2013-09-30 11:45:02 r11747 Python 2.7.3 skos_importer_pythonLib.py
2013-09-30 11:47:59 r11747 Python 2.7.3 skos_importer_pythonLib.py
2013-09-30 11:48:09 r11747 Python 2.7.3 skos_importer_pythonLib.py
2013-09-30 11:49:45 r11747 Python 2.7.3 skos_importer_pythonLib_clean.py
2013-09-30 11:50:16 r11747 Python 2.7.3 skos_importer_pythonLib_clean.py
2013-09-30 11:50:34 r11747 Python 2.7.3 skos_importer_pythonLib_clean.py
2013-09-30 11:50:59 r11747 Python 2.7.3 skos_importer_pythonLib_clean.py
2013-09-30 11:51:14 r11747 Python 2.7.3 skos_importer_pythonLib_clean.py
2013-09-30 11:51:36 r11747 Python 2.7.3 skos_importer_pythonLib_clean.py
2013-09-30 11:52:02 r11747 Python 2.7.3 skos_importer_pythonLib_clean.py
2013-09-30 11:52:33 r11747 Python 2.7.3 skos_importer_pythonLib_clean.py
2013-09-30 11:53:50 r11747 Python 2.7.3 skos_importer_pythonLib_clean.py
2013-09-30 11:54:54 r11747 Python 2.7.3 skos_importer_pythonLib_clean.py
2013-09-30 11:57:23 r11747 Python 2.7.3 skos_importer_pythonLib_clean.py
2013-09-30 11:57:37 r11747 Python 2.7.3 skos_importer_pythonLib_clean.py
2013-09-30 11:57:48 r11747 Python 2.7.3 skos_importer_pythonLib_clean.py
2013-09-30 12:14:54 r11747 Python 2.7.3 skos_importer_pythonLib_clean.py
2013-09-30 12:15:10 r11747 Python 2.7.3 skos_importer_pythonLib_clean.py
2013-09-30 12:15:52 r11747 Python 2.7.3 skos_importer_pythonLib_clean.py
2013-09-30 12:16:34 r11747 Python 2.7.3 skos_importer_pythonLib_clean.py
2013-09-30 12:44:44 r11747 Python 2.7.3 skos_importer_pythonLib_clean.py
2013-09-30 12:45:53 r11747 Python 2.7.3 skos_importer_pythonLib_clean.py
2013-09-30 12:48:04 r11747 Python 2.7.3 skos_importer_pythonLib_clean.py
2013-09-30 12:50:30 r11747 Python 2.7.3 skos_importer_pythonLib_clean.py
2013-09-30 12:50:39 r11747 Python 2.7.3 skos_importer_pythonLib_clean.py
2013-09-30 12:51:00 r11747 Python 2.7.3 skos_importer_pythonLib_clean.py
2013-09-30 12:53:46 r11747 Python 2.7.3 skos_importer_pythonLib_clean.py
2013-09-30 12:53:54 r11747 Python 2.7.3 skos_importer_pythonLib_clean.py
2013-09-30 12:54:01 r11747 Python 2.7.3 skos_importer_pythonLib_clean.py
2013-09-30 12:54:42 r11747 Python 2.7.3 skos_importer_pythonLib_clean.py
2013-09-30 13:01:02 r11747 Python 2.7.3 skos_importer_pythonLib_clean.py
2013-09-30 13:03:47 r11747 Python 2.7.3 skos_importer_pythonLib_clean.py
2013-09-30 13:04:11 r11747 Python 2.7.3 skos_importer_pythonLib_clean.py
2013-09-30 13:11:18 r11747 Python 2.7.3 skos_importer_pythonLib_clean.py
2013-10-01 10:32:34 r11747 Python 2.7.3 skos_importer_pythonLib_clean.py
2013-10-01 10:36:46 r11747 Python 2.7.3 skos_importer_pythonLib_clean.py
2013-10-01 10:42:59 r11747 Python 2.7.3 skos_importer_pythonLib_clean.py
2013-10-01 10:45:56 r11747 Python 2.7.3 skos_importer_pythonLib_clean.py
2013-10-01 10:47:02 r11747 Python 2.7.3 skos_importer_pythonLib_clean.py
2013-10-01 10:47:56 r11747 Python 2.7.3 skos_importer_pythonLib_clean.py
2013-10-01 12:50:24 r11747 Python 2.7.3 skos_importer_pythonLib_clean.py
2013-10-02 11:22:53 r11747 Python 2.7.3 skos_importer_pythonLib_clean.py
2013-10-02 11:23:13 r11747 Python 2.7.3 skos_importer_pythonLib_clean.py
2013-10-02 11:30:41 r11747 Python 2.7.3 skos_importer_pythonLib_clean.py
2013-10-02 11:31:15 r11747 Python 2.7.3 skos_importer_pythonLib_clean.py
2013-10-02 11:41:35 r11747 Python 2.7.3 skos_importer_pythonLib_clean.py
2013-10-02 11:42:55 r11747 Python 2.7.3 skos_importer_pythonLib_clean.py
2013-10-02 11:43:11 r11747 Python 2.7.3 skos_importer_pythonLib_clean.py "first" "second" "third"
2013-10-02 11:44:30 r11747 Python 2.7.3 skos_importer_pythonLib_clean.py "first" "second" "third"
2013-10-02 11:47:41 r11747 Python 2.7.3 skos_importer_pythonLib_clean.py "first" "second" "third"
2013-10-02 11:49:05 r11747 Python 2.7.3 skos_importer_pythonLib_clean.py "first" "second" "third"
2013-10-02 12:00:41 r11747 Python 2.7.3 skos_importer_pythonLib_clean.py "first" "second" "third"
2013-10-02 12:36:03 r11747 Python 2.7.3 skos_importer_pythonLib_clean.py "first" "second" "third"
2013-10-02 12:52:25 r11747 Python 2.7.3 skos_importer_pythonLib_clean.py "first" "second" "third"
2013-10-02 12:54:17 r11747 Python 2.7.3 skos_importer_pythonLib_clean.py "first" "second" "third"
2013-10-02 12:58:25 r11747 Python 2.7.3 skos_importer_pythonLib_clean.py "first" "second" "third"
2013-10-02 13:01:07 r11747 Python 2.7.3 skos_importer_pythonLib_clean.py "first" "second" "third"
2013-10-02 13:02:59 r11747 Python 2.7.3 skos_importer_pythonLib_clean.py "first" "second" "third"
2013-10-02 13:05:02 r11747 Python 2.7.3 skos_importer_pythonLib_clean.py "first" "second" "third"
2013-10-02 13:06:47 r11747 Python 2.7.3 skos_importer_pythonLib_clean.py "first" "second" "third"
2013-10-02 13:08:43 r11747 Python 2.7.3 skos_importer_pythonLib_clean.py "first" "second" "third"
2013-10-02 14:49:02 r11747 Python 2.7.3 skos_importer_pythonLib_clean.py
2013-10-02 14:50:02 r11747 Python 2.7.3 skos_importer_pythonLib_clean.py
2013-10-02 14:51:20 r11747 Python 2.7.3 skos_importer_pythonLib_clean.py
2013-10-02 14:54:43 r11747 Python 2.7.3 skos_importer_pythonLib_clean.py
2013-10-02 14:56:02 r11747 Python 2.7.3 skos_importer_pythonLib_clean.py
2013-10-02 15:00:56 r11747 Python 2.7.3 skos_importer_pythonLib_clean.py
2013-10-02 15:04:29 r11747 Python 2.7.3 skos_importer_pythonLib_clean.py
2013-10-02 15:31:06 r11747 Python 2.7.3 skos_importer_pythonLib_clean.py
2013-10-02 15:32:18 r11747 Python 2.7.3 skos_importer_pythonLib_clean.py
2013-10-02 16:13:29 r11747 Python 2.7.3 skos_importer_pythonLib_clean.py
2013-10-02 18:02:00 r11747 Python 2.7.3 skos_importer_pythonLib_clean.py "/tmp/phpxdC8us"
2013-10-02 18:02:11 r11747 Python 2.7.3 skos_importer_pythonLib_clean.py "/tmp/phpqgiobb"
2013-10-02 18:02:48 r11747 Python 2.7.3 skos_importer_pythonLib_clean.py "/tmp/phpW7PGjM"
2013-10-02 18:03:40 r11747 Python 2.7.3 skos_importer_pythonLib_clean.py "/tmp/phpnAB3WY"
2013-10-02 18:04:11 r11747 Python 2.7.3 skos_importer_pythonLib_clean.py "/tmp/phpFHr4sk"
2013-10-02 18:04:40 r11747 Python 2.7.3 skos_importer_pythonLib_clean.py "/tmp/php3KGAEB"
2013-10-02 18:05:16 r11747 Python 2.7.3 skos_importer_pythonLib_clean.py "/tmp/php8Kwy3s"
2013-10-02 18:25:06 r11747 Python 2.7.3 skos_importer_pythonLib_clean.py "/tmp/phpWZElwC"
2013-10-02 18:31:13 r11747 Python 2.7.3 skos_importer_pythonLib_clean.py "/tmp/php8bmpzK"
2013-10-02 18:32:10 r11747 Python 2.7.3 skos_importer_pythonLib_clean.py "/tmp/phpC3FzpS" "concepts" "skip" "Added" "from" "ImportMediawikiSKOSTemplatePage"
2013-10-02 18:32:23 r11747 Python 2.7.3 skos_importer_pythonLib_clean.py "/tmp/phpdq4Qjq" "concepts" "overwrite" "Added" "from" "ImportMediawikiSKOSTemplatePage"
2013-10-02 19:03:24 r11747 Python 2.7.3 skos_importer_pythonLib_clean.py "/tmp/phpcNkb7G" "Array" "overwrite" "Added" "from" "ImportMediawikiSKOSTemplatePage"
2013-10-02 19:05:34 r11747 Python 2.7.3 skos_importer_pythonLib_clean.py "/tmp/phpBMaE03" "Array" "1" "Added" "from" "ImportMediawikiSKOSTemplatePage"
2013-10-02 19:06:24 r11747 Python 2.7.3 skos_importer_pythonLib_clean.py "/tmp/phpzxVZKn" "Array" "1" "Added" "from" "ImportMediawikiSKOSTemplatePage"
2013-10-02 19:07:12 r11747 Python 2.7.3 skos_importer_pythonLib_clean.py "/tmp/phpVQI8Vj" "Array" "1" "Added" "from" "ImportMediawikiSKOSTemplatePage"
2013-10-02 19:10:50 r11747 Python 2.7.3 skos_importer_pythonLib_clean.py "/tmp/php94TgOo" "1" "Added from ImportMediawikiSKOSTemplatePage"
2013-10-02 19:11:26 r11747 Python 2.7.3 skos_importer_pythonLib_clean.py "/tmp/phpKsVBMN" "1" "Added from ImportMediawikiSKOSTemplatePage"
2013-10-02 19:12:05 r11747 Python 2.7.3 skos_importer_pythonLib_clean.py "/tmp/phpsh3Hc4" "1" "Added from ImportMediawikiSKOSTemplatePage"
2013-10-02 19:12:27 r11747 Python 2.7.3 skos_importer_pythonLib_clean.py "/tmp/phppvLFIq" "[schemes,null,null]" "1" "Added from ImportMediawikiSKOSTemplatePage"
2013-10-02 19:15:36 r11747 Python 2.7.3 skos_importer_pythonLib_clean.py "/tmp/phpH7HnEd" "[schemes,null,null]" "1" "Added from ImportMediawikiSKOSTemplatePage"
2013-10-02 19:16:45 r11747 Python 2.7.3 skos_importer_pythonLib_clean.py "/tmp/php6A7TVn" "[schemes,null,null]" "1" "Added from ImportMediawikiSKOSTemplatePage"
2013-10-02 19:17:42 r11747 Python 2.7.3 skos_importer_pythonLib_clean.py "/tmp/phpBZrlwI" "[schemes,null,null]" "1" "Added from ImportMediawikiSKOSTemplatePage"
2013-10-02 19:19:39 r11747 Python 2.7.3 skos_importer_pythonLib_clean.py "/tmp/php3tJv4x" "[schemes,null,null]" "1" "Added from ImportMediawikiSKOSTemplatePage"
2013-10-02 19:22:45 r11747 Python 2.7.3 skos_importer_pythonLib_clean.py "/tmp/phpun1ZXR,1,Added from ImportMediawikiSKOSTemplatePage" "," "schemes,,"
2013-10-02 19:24:00 r11747 Python 2.7.3 skos_importer_pythonLib_clean.py "/tmp/phpgLDxMm" "," "1,Added from ImportMediawikiSKOSTemplatePage" ",schemes,,"
2013-10-02 19:24:56 r11747 Python 2.7.3 skos_importer_pythonLib_clean.py "/tmp/phpA1t5wz" "," "1" "," "Added from ImportMediawikiSKOSTemplatePage" "," "schemes" "," "" "," ""
2013-10-02 19:26:27 r11747 Python 2.7.3 skos_importer_pythonLib_clean.py "/tmp/phpWysGLe" "1" "Added from ImportMediawikiSKOSTemplatePage" "schemes" "" ""
2013-10-02 19:30:27 r11747 Python 2.7.3 skos_importer_pythonLib_clean.py "/tmp/phpLGNrIG" "1" "Added from ImportMediawikiSKOSTemplatePage" "schemes" "" "concepts"
2013-10-02 19:31:24 r11747 Python 2.7.3 skos_importer_pythonLib_clean.py "/tmp/phpXf0MAX" "1" "Added from ImportMediawikiSKOSTemplatePage" "schemes" "collections" "concepts"
2013-10-03 10:05:30 r11747 Python 2.7.3 skos_importer_pythonLib_clean.py "/tmp/phpUwmQ5L" "1" "Added from ImportMediawikiSKOSTemplatePage" "schemes" "" ""
2013-10-03 10:08:17 r11747 Python 2.7.3 skos_importer_pythonLib_clean.py "/tmp/php0L2xJs" "1" "Added from ImportMediawikiSKOSTemplatePage" "schemes" "" ""
2013-10-03 10:09:39 r11747 Python 2.7.3 skos_importer_pythonLib_clean.py "/tmp/phpUBRVL0" "1" "Added from ImportMediawikiSKOSTemplatePage" "schemes" "" ""
2013-10-03 10:17:53 r11747 Python 2.7.3 skos_importer_pythonLib_clean.py "/tmp/phpthzFS3" "1" "Added from ImportMediawikiSKOSTemplatePage" "schemes" "" ""
2013-10-03 10:19:31 r11747 Python 2.7.3 skos_importer_pythonLib_clean.py "/tmp/phpbMDrbM" "1" "Added from ImportMediawikiSKOSTemplatePage" "schemes" "" ""
2013-10-03 10:21:03 r11747 Python 2.7.3 skos_importer_pythonLib_clean.py "/tmp/php8XrtHP" "1" "Added from ImportMediawikiSKOSTemplatePage" "schemes" "" ""
2013-10-03 10:27:32 r11747 Python 2.7.3 skos_importer_pythonLib_clean.py "/tmp/phpqN1MMg" "1" "Added from ImportMediawikiSKOSTemplatePage" "schemes" "" ""
2013-10-03 10:30:57 r11747 Python 2.7.3 skos_importer_pythonLib_clean.py "/tmp/phpG7ersB" "1" "Added from ImportMediawikiSKOSTemplatePage" "schemes" "" ""
2013-10-03 10:32:30 r11747 Python 2.7.3 skos_importer_pythonLib_clean.py "/tmp/phpe0J9e8" "1" "Added from ImportMediawikiSKOSTemplatePage" "schemes" "" ""
2013-10-03 10:34:32 r11747 Python 2.7.3 skos_importer_pythonLib_clean.py "/tmp/phpU32PAY" "1" "Added from ImportMediawikiSKOSTemplatePage" "schemes" "" ""
2013-10-03 10:37:36 r11747 Python 2.7.3 skos_importer_pythonLib_clean.py "/tmp/phpdCQ5Z7" "1" "Added from ImportMediawikiSKOSTemplatePage" "schemes" "" ""
2013-10-03 10:39:53 r11747 Python 2.7.3 skos_importer_pythonLib_clean.py "/tmp/phpghWkoD" "1" "Added from ImportMediawikiSKOSTemplatePage" "schemes" "" ""
2013-10-03 10:47:36 r11747 Python 2.7.3 skos_importer_pythonLib_clean.py "/tmp/phpghJh2o" "1" "Added from ImportMediawikiSKOSTemplatePage" "schemes" "" ""
2013-10-03 10:52:11 r11747 Python 2.7.3 skos_importer_pythonLib_clean.py "/tmp/phpi9pYvc" "1" "Added from ImportMediawikiSKOSTemplatePage" "schemes" "" ""
2013-10-03 11:01:07 r11747 Python 2.7.3 skos_importer_pythonLib_clean.py "/tmp/php6HazKE" "1" "Added from ImportMediawikiSKOSTemplatePage" "schemes" "" ""
2013-10-03 11:03:26 r11747 Python 2.7.3 skos_importer_pythonLib_clean.py "/tmp/phpw4STRu" "1" "Added from ImportMediawikiSKOSTemplatePage" "schemes" "" ""
2013-10-03 11:04:45 r11747 Python 2.7.3 skos_importer_pythonLib_clean.py "/tmp/phpTFPJBv" "1" "Added from ImportMediawikiSKOSTemplatePage" "schemes" "" ""
2013-10-03 11:06:18 r11747 Python 2.7.3 skos_importer_pythonLib_clean.py "/tmp/phpESaHB3" "1" "Added from ImportMediawikiSKOSTemplatePage" "schemes" "" ""
2013-10-03 11:08:08 r11747 Python 2.7.3 skos_importer_pythonLib_clean.py "/tmp/phprQ5ZJo" "1" "Added from ImportMediawikiSKOSTemplatePage" "schemes" "" ""
2013-10-03 11:10:39 r11747 Python 2.7.3 skos_importer_pythonLib_clean.py "/tmp/phpyip9mR" "1" "Added from ImportMediawikiSKOSTemplatePage" "schemes" "" ""
2013-10-03 11:14:57 r11747 Python 2.7.3 skos_importer_pythonLib_clean.py "/tmp/phpwHieVz" "1" "Added from ImportMediawikiSKOSTemplatePage" "schemes" "" ""
2013-10-03 11:16:37 r11747 Python 2.7.3 skos_importer_pythonLib_clean.py "/tmp/phpz4g7Y6" "1" "Added from ImportMediawikiSKOSTemplatePage" "schemes" "" ""
2013-10-03 11:24:03 r11747 Python 2.7.3 skos_importer_pythonLib_clean.py "/tmp/phpHOF64e" "1" "Added from ImportMediawikiSKOSTemplatePage" "schemes" "" ""
2013-10-03 11:24:32 r11747 Python 2.7.3 skos_importer_pythonLib_clean.py "/tmp/phpHVvjg6" "1" "Added from ImportMediawikiSKOSTemplatePage" "schemes" "" ""
2013-10-03 11:28:24 r11747 Python 2.7.3 skos_importer_pythonLib_clean.py "/tmp/phpLtkbQy" "1" "Added from ImportMediawikiSKOSTemplatePage" "schemes" "" ""
2013-10-03 11:29:10 r11747 Python 2.7.3 skos_importer_pythonLib_clean.py "/tmp/phpabMgAh" "1" "Added from ImportMediawikiSKOSTemplatePage" "schemes" "" ""
2013-10-03 11:30:09 r11747 Python 2.7.3 skos_importer_pythonLib_clean.py "/tmp/phpf1qMGn" "1" "Added from ImportMediawikiSKOSTemplatePage" "schemes" "" ""
2013-10-03 11:30:34 r11747 Python 2.7.3 skos_importer_pythonLib_clean.py "/tmp/phpCO9PUG" "1" "Added from ImportMediawikiSKOSTemplatePage" "schemes" "" ""
2013-10-03 11:31:15 r11747 Python 2.7.3 skos_importer_pythonLib_clean.py "/tmp/phpwI2s4K" "1" "Added from ImportMediawikiSKOSTemplatePage" "schemes" "" ""
2013-10-03 11:47:28 r11747 Python 2.7.3 skos_importer_pythonLib_clean.py "/tmp/phpgpALPF" "" "Added from ImportMediawikiSKOSTemplatePage" "schemes" "collections" ""
2013-10-04 11:28:33 r11747 Python 2.7.3 skos_importer_pythonLib_clean.py "/tmp/phpQieztA" "1" "Test with Julie" "schemes" "" ""
2013-11-05 11:32:59 r11747 Python 2.7.3 skos_importer_pythonLib_clean.py "/tmp/phpGjYGY1" "1" "Added from ImportMediawikiSKOSTemplatePage" "schemes" "" ""
